Performing C++ SOURCE FILE Test CMAKE_HAVE_LIBC_PTHREAD failed with the following output:
Change Dir: /home/administrator/npud/Build/CMakeFiles/CMakeTmp

Run Build Command(s):/bin/gmake -f Makefile cmTC_ec7f9/fast && /bin/gmake  -f CMakeFiles/cmTC_ec7f9.dir/build.make CMakeFiles/cmTC_ec7f9.dir/build
gmake[1]: Entering directory '/home/administrator/npud/Build/CMakeFiles/CMakeTmp'
Building CXX object CMakeFiles/cmTC_ec7f9.dir/src.cxx.o
/bin/g++ -DCMAKE_HAVE_LIBC_PTHREAD  -std=gnu++17 -o CMakeFiles/cmTC_ec7f9.dir/src.cxx.o -c /home/administrator/npud/Build/CMakeFiles/CMakeTmp/src.cxx
Linking CXX executable cmTC_ec7f9
/usr/bin/cmake -E cmake_link_script CMakeFiles/cmTC_ec7f9.dir/link.txt --verbose=1
/bin/g++ CMakeFiles/cmTC_ec7f9.dir/src.cxx.o -o cmTC_ec7f9 
CMakeFiles/cmTC_ec7f9.dir/src.cxx.o: In function `main':
src.cxx:(.text+0x2d): undefined reference to `pthread_create'
src.cxx:(.text+0x39): undefined reference to `pthread_detach'
src.cxx:(.text+0x45): undefined reference to `pthread_cancel'
src.cxx:(.text+0x56): undefined reference to `pthread_join'
collect2: error: ld returned 1 exit status
gmake[1]: *** [CMakeFiles/cmTC_ec7f9.dir/build.make:99: cmTC_ec7f9] Error 1
gmake[1]: Leaving directory '/home/administrator/npud/Build/CMakeFiles/CMakeTmp'
gmake: *** [Makefile:127: cmTC_ec7f9/fast] Error 2


Source file was:
#include <pthread.h>

static void* test_func(void* data)
{
  return data;
}

int main(void)
{
  pthread_t thread;
  pthread_create(&thread, NULL, test_func, NULL);
  pthread_detach(thread);
  pthread_cancel(thread);
  pthread_join(thread, NULL);
  pthread_atfork(NULL, NULL, NULL);
  pthread_exit(NULL);

  return 0;
}

Determining if the function pthread_create exists in the pthreads failed with the following output:
Change Dir: /home/administrator/npud/Build/CMakeFiles/CMakeTmp

Run Build Command(s):/bin/gmake -f Makefile cmTC_d9040/fast && /bin/gmake  -f CMakeFiles/cmTC_d9040.dir/build.make CMakeFiles/cmTC_d9040.dir/build
gmake[1]: Entering directory '/home/administrator/npud/Build/CMakeFiles/CMakeTmp'
Building CXX object CMakeFiles/cmTC_d9040.dir/CheckFunctionExists.cxx.o
/bin/g++   -DCHECK_FUNCTION_EXISTS=pthread_create -std=gnu++17 -o CMakeFiles/cmTC_d9040.dir/CheckFunctionExists.cxx.o -c /home/administrator/npud/Build/CMakeFiles/CheckLibraryExists/CheckFunctionExists.cxx
Linking CXX executable cmTC_d9040
/usr/bin/cmake -E cmake_link_script CMakeFiles/cmTC_d9040.dir/link.txt --verbose=1
/bin/g++  -DCHECK_FUNCTION_EXISTS=pthread_create CMakeFiles/cmTC_d9040.dir/CheckFunctionExists.cxx.o -o cmTC_d9040  -lpthreads 
/bin/ld: cannot find -lpthreads
collect2: error: ld returned 1 exit status
gmake[1]: *** [CMakeFiles/cmTC_d9040.dir/build.make:99: cmTC_d9040] Error 1
gmake[1]: Leaving directory '/home/administrator/npud/Build/CMakeFiles/CMakeTmp'
gmake: *** [Makefile:127: cmTC_d9040/fast] Error 2



